# JRE version: OpenJDK Runtime Environment Temurin-17+35 (17.0+35) (build 17+35)
# Java VM: OpenJDK 64-Bit Server VM Temurin-17+35 (17+35, mixed mode, emulated-client, tiered, compressed oops, compressed class ptrs, g1 gc, windows-amd64)
GC Precious Log:
 CPUs: 2 total, 2 available
 Memory: 7796M
 Large Page Support: Disabled
 NUMA Support: Disabled
 Compressed Oops: Enabled (32-bit)
 Heap Region Size: 1M
 Heap Min Capacity: 8M
 Heap Initial Capacity: 122M
 Heap Max Capacity: 1950M
 Pre-touch: Disabled
 Parallel Workers: 2
 Concurrent Workers: 1
 Concurrent Refinement Workers: 2
 Periodic GC: Disabled
Heap:
 garbage-first heap   total 68608K, used 41684K [0x0000000086200000, 0x0000000100000000)
  region size 1024K, 8 young (8192K), 1 survivors (1024K)
 Metaspace       used 73278K, committed 73792K, reserved 1114112K
  class space    used 9979K, committed 10240K, reserved 1048576K
GC Heap History (20 events):
Event: 100.358 GC heap before
{Heap before GC invocations=28 (full 0):
 garbage-first heap   total 68608K, used 54957K [0x0000000086200000, 0x0000000100000000)
  region size 1024K, 22 young (22528K), 2 survivors (2048K)
 Metaspace       used 67879K, committed 68416K, reserved 1114112K
  class space    used 9266K, committed 9536K, reserved 1048576K
}
Event: 100.387 GC heap after
{Heap after GC invocations=29 (full 0):
 garbage-first heap   total 68608K, used 35529K [0x0000000086200000, 0x0000000100000000)
  region size 1024K, 1 young (1024K), 1 survivors (1024K)
 Metaspace       used 67879K, committed 68416K, reserved 1114112K
  class space    used 9266K, committed 9536K, reserved 1048576K
}
Event: 100.955 GC heap before
{Heap before GC invocations=30 (full 0):
 garbage-first heap   total 68608K, used 54985K [0x0000000086200000, 0x0000000100000000)
  region size 1024K, 21 young (21504K), 1 survivors (1024K)
 Metaspace       used 67959K, committed 68544K, reserved 1114112K
  class space    used 9288K, committed 9600K, reserved 1048576K
}
Event: 100.973 GC heap after
{Heap after GC invocations=31 (full 0):
 garbage-first heap   total 68608K, used 35554K [0x0000000086200000, 0x0000000100000000)
  region size 1024K, 1 young (1024K), 1 survivors (1024K)
 Metaspace       used 67959K, committed 68544K, reserved 1114112K
  class space    used 9288K, committed 9600K, reserved 1048576K
}
Event: 100.977 GC heap before
{Heap before GC invocations=31 (full 0):
 garbage-first heap   total 68608K, used 36578K [0x0000000086200000, 0x0000000100000000)
  region size 1024K, 3 young (3072K), 1 survivors (1024K)
 Metaspace       used 67959K, committed 68544K, reserved 1114112K
  class space    used 9288K, committed 9600K, reserved 1048576K
}
Event: 101.028 GC heap after
{Heap after GC invocations=32 (full 0):
 garbage-first heap   total 68608K, used 33140K [0x0000000086200000, 0x0000000100000000)
  region size 1024K, 1 young (1024K), 1 survivors (1024K)
 Metaspace       used 67959K, committed 68544K, reserved 1114112K
  class space    used 9288K, committed 9600K, reserved 1048576K
}
Event: 102.031 GC heap before
{Heap before GC invocations=32 (full 0):
 garbage-first heap   total 68608K, used 54644K [0x0000000086200000, 0x0000000100000000)
  region size 1024K, 23 young (23552K), 1 survivors (1024K)
 Metaspace       used 68588K, committed 69184K, reserved 1114112K
  class space    used 9379K, committed 9664K, reserved 1048576K
}
Event: 102.043 GC heap after
{Heap after GC invocations=33 (full 0):
 garbage-first heap   total 68608K, used 33480K [0x0000000086200000, 0x0000000100000000)
  region size 1024K, 1 young (1024K), 1 survivors (1024K)
 Metaspace       used 68588K, committed 69184K, reserved 1114112K
  class space    used 9379K, committed 9664K, reserved 1048576K
}
Event: 122.359 GC heap before
{Heap before GC invocations=34 (full 0):
 garbage-first heap   total 68608K, used 56008K [0x0000000086200000, 0x0000000100000000)
  region size 1024K, 24 young (24576K), 1 survivors (1024K)
 Metaspace       used 71282K, committed 71808K, reserved 1114112K
  class space    used 9739K, committed 9984K, reserved 1048576K
}
Event: 122.387 GC heap after
{Heap after GC invocations=35 (full 0):
 garbage-first heap   total 68608K, used 36416K [0x0000000086200000, 0x0000000100000000)
  region size 1024K, 3 young (3072K), 3 survivors (3072K)
 Metaspace       used 71282K, committed 71808K, reserved 1114112K
  class space    used 9739K, committed 9984K, reserved 1048576K
}
Event: 122.523 GC heap before
{Heap before GC invocations=35 (full 0):
 garbage-first heap   total 68608K, used 37440K [0x0000000086200000, 0x0000000100000000)
  region size 1024K, 4 young (4096K), 3 survivors (3072K)
 Metaspace       used 71372K, committed 71872K, reserved 1114112K
  class space    used 9750K, committed 9984K, reserved 1048576K
}
Event: 122.558 GC heap after
{Heap after GC invocations=36 (full 0):
 garbage-first heap   total 68608K, used 35659K [0x0000000086200000, 0x0000000100000000)
  region size 1024K, 1 young (1024K), 1 survivors (1024K)
 Metaspace       used 71372K, committed 71872K, reserved 1114112K
  class space    used 9750K, committed 9984K, reserved 1048576K
}
Event: 136.391 GC heap before
{Heap before GC invocations=36 (full 0):
 garbage-first heap   total 68608K, used 54091K [0x0000000086200000, 0x0000000100000000)
  region size 1024K, 20 young (20480K), 1 survivors (1024K)
 Metaspace       used 72947K, committed 73472K, reserved 1114112K
  class space    used 9934K, committed 10176K, reserved 1048576K
}
Event: 136.406 GC heap after
{Heap after GC invocations=37 (full 0):
 garbage-first heap   total 68608K, used 36384K [0x0000000086200000, 0x0000000100000000)
  region size 1024K, 2 young (2048K), 2 survivors (2048K)
 Metaspace       used 72947K, committed 73472K, reserved 1114112K
  class space    used 9934K, committed 10176K, reserved 1048576K
}
Event: 170.234 GC heap before
{Heap before GC invocations=38 (full 0):
 garbage-first heap   total 68608K, used 54816K [0x0000000086200000, 0x0000000100000000)
  region size 1024K, 20 young (20480K), 2 survivors (2048K)
 Metaspace       used 73178K, committed 73728K, reserved 1114112K
  class space    used 9971K, committed 10240K, reserved 1048576K
}
Event: 170.247 GC heap after
{Heap after GC invocations=39 (full 0):
 garbage-first heap   total 68608K, used 36931K [0x0000000086200000, 0x0000000100000000)
  region size 1024K, 2 young (2048K), 2 survivors (2048K)
 Metaspace       used 73178K, committed 73728K, reserved 1114112K
  class space    used 9971K, committed 10240K, reserved 1048576K
}
Event: 174.204 GC heap before
{Heap before GC invocations=39 (full 0):
 garbage-first heap   total 68608K, used 37955K [0x0000000086200000, 0x0000000100000000)
  region size 1024K, 3 young (3072K), 2 survivors (2048K)
 Metaspace       used 73178K, committed 73728K, reserved 1114112K
  class space    used 9971K, committed 10240K, reserved 1048576K
}
Event: 174.219 GC heap after
{Heap after GC invocations=40 (full 0):
 garbage-first heap   total 68608K, used 36813K [0x0000000086200000, 0x0000000100000000)
  region size 1024K, 1 young (1024K), 1 survivors (1024K)
 Metaspace       used 73178K, committed 73728K, reserved 1114112K
  class space    used 9971K, committed 10240K, reserved 1048576K
}
Event: 245.355 GC heap before
{Heap before GC invocations=40 (full 0):
 garbage-first heap   total 68608K, used 55245K [0x0000000086200000, 0x0000000100000000)
  region size 1024K, 19 young (19456K), 1 survivors (1024K)
 Metaspace       used 73180K, committed 73728K, reserved 1114112K
  class space    used 9971K, committed 10240K, reserved 1048576K
}
Event: 245.360 GC heap after
{Heap after GC invocations=41 (full 0):
 garbage-first heap   total 68608K, used 36564K [0x0000000086200000, 0x0000000100000000)
  region size 1024K, 1 young (1024K), 1 survivors (1024K)
 Metaspace       used 73180K, committed 73728K, reserved 1114112K
  class space    used 9971K, committed 10240K, reserved 1048576K
}

